<?xml version="1.0" encoding="UTF-8"?>
<testsuite xmlns:xsi="http://www.w3.org/2001/XMLSchema-instance" xsi:noNamespaceSchemaLocation="https://maven.apache.org/surefire/maven-surefire-plugin/xsd/surefire-test-report.xsd" version="3.0.2" name="com.astrea.core.NaveEspacialTest" time="0.073" tests="11" errors="0" skipped="0" failures="0">
  <properties>
[...]
</properties>
  <testcase name="crearNavecargaArribadeMaximoCombustible" classname="com.astrea.core.NaveEspacialTest" time="0.005"/>
  <testcase name="crearNaveNavegacionArribadeMaximoDeviaje" classname="com.astrea.core.NaveEspacialTest" time="0.002"/>
  <testcase name="crearNaveCargaCorrectamente" classname="com.astrea.core.NaveEspacialTest" time="0.0"/>
  <testcase name="repostarinvalido" classname="com.astrea.core.NaveEspacialTest" time="0.001"/>
  <testcase name="activarHiperviajeFallido" classname="com.astrea.core.NaveEspacialTest" time="0.0"/>
  <testcase name="cargaInvalida" classname="com.astrea.core.NaveEspacialTest" time="0.002"/>
  <testcase name="crearNaveExploracionCombustibleMasDeLimite" classname="com.astrea.core.NaveEspacialTest" time="0.0"/>
  <testcase name="crearNaveExploracionCorectamente" classname="com.astrea.core.NaveEspacialTest" time="0.001"/>
  <testcase name="tipoCombustibleNulo" classname="com.astrea.core.NaveEspacialTest" time="0.0"/>
  <testcase name="impacto" classname="com.astrea.core.NaveEspacialTest" time="0.001"/>
  <testcase name="repostarCombustible0" classname="com.astrea.core.NaveEspacialTest" time="0.0"/>
</testsuite>